# JRE version: Java(TM) SE Runtime Environment (11.0.4+10) (build 11.0.4+10-LTS)
# Java VM: Java HotSpot(TM) 64-Bit Server VM (11.0.4+10-LTS, mixed mode, tiered, compressed oops, g1 gc, windows-amd64)
Heap:
 garbage-first heap   total 304128K, used 85504K [0x00000000c2c00000, 0x0000000100000000)
  region size 1024K, 2 young (2048K), 2 survivors (2048K)
 Metaspace       used 6178K, capacity 6232K, committed 6528K, reserved 1056768K
  class space    used 523K, capacity 540K, committed 640K, reserved 1048576K
GC Heap History (10 events):
Event: 9.416 GC heap after
{Heap after GC invocations=12 (full 0):
 garbage-first heap   total 76800K, used 57175K [0x00000000c2c00000, 0x0000000100000000)
  region size 1024K, 1 young (1024K), 1 survivors (1024K)
 Metaspace       used 6178K, capacity 6232K, committed 6528K, reserved 1056768K
  class space    used 523K, capacity 540K, committed 640K, reserved 1048576K
}
Event: 9.428 GC heap before
{Heap before GC invocations=12 (full 0):
 garbage-first heap   total 76800K, used 61271K [0x00000000c2c00000, 0x0000000100000000)
  region size 1024K, 5 young (5120K), 1 survivors (1024K)
 Metaspace       used 6178K, capacity 6232K, committed 6528K, reserved 1056768K
  class space    used 523K, capacity 540K, committed 640K, reserved 1048576K
}
Event: 9.438 GC heap after
{Heap after GC invocations=13 (full 0):
 garbage-first heap   total 111616K, used 59837K [0x00000000c2c00000, 0x0000000100000000)
  region size 1024K, 1 young (1024K), 1 survivors (1024K)
 Metaspace       used 6178K, capacity 6232K, committed 6528K, reserved 1056768K
  class space    used 523K, capacity 540K, committed 640K, reserved 1048576K
}
Event: 9.557 GC heap before
{Heap before GC invocations=13 (full 0):
 garbage-first heap   total 111616K, used 73149K [0x00000000c2c00000, 0x0000000100000000)
  region size 1024K, 14 young (14336K), 1 survivors (1024K)
 Metaspace       used 6178K, capacity 6232K, committed 6528K, reserved 1056768K
  class space    used 523K, capacity 540K, committed 640K, reserved 1048576K
}
Event: 9.581 GC heap after
{Heap after GC invocations=14 (full 0):
 garbage-first heap   total 111616K, used 67869K [0x00000000c2c00000, 0x0000000100000000)
  region size 1024K, 2 young (2048K), 2 survivors (2048K)
 Metaspace       used 6178K, capacity 6232K, committed 6528K, reserved 1056768K
  class space    used 523K, capacity 540K, committed 640K, reserved 1048576K
}
Event: 9.602 GC heap before
{Heap before GC invocations=14 (full 0):
 garbage-first heap   total 111616K, used 79133K [0x00000000c2c00000, 0x0000000100000000)
  region size 1024K, 13 young (13312K), 2 survivors (2048K)
 Metaspace       used 6178K, capacity 6232K, committed 6528K, reserved 1056768K
  class space    used 523K, capacity 540K, committed 640K, reserved 1048576K
}
Event: 9.620 GC heap after
{Heap after GC invocations=15 (full 0):
 garbage-first heap   total 111616K, used 74752K [0x00000000c2c00000, 0x0000000100000000)
  region size 1024K, 2 young (2048K), 2 survivors (2048K)
 Metaspace       used 6178K, capacity 6232K, committed 6528K, reserved 1056768K
  class space    used 523K, capacity 540K, committed 640K, reserved 1048576K
}
Event: 9.640 GC heap before
{Heap before GC invocations=16 (full 0):
 garbage-first heap   total 111616K, used 84992K [0x00000000c2c00000, 0x0000000100000000)
  region size 1024K, 12 young (12288K), 2 survivors (2048K)
 Metaspace       used 6178K, capacity 6232K, committed 6528K, reserved 1056768K
  class space    used 523K, capacity 540K, committed 640K, reserved 1048576K
}
Event: 9.660 GC heap after
{Heap after GC invocations=17 (full 0):
 garbage-first heap   total 111616K, used 80896K [0x00000000c2c00000, 0x0000000100000000)
  region size 1024K, 2 young (2048K), 2 survivors (2048K)
 Metaspace       used 6178K, capacity 6232K, committed 6528K, reserved 1056768K
  class space    used 523K, capacity 540K, committed 640K, reserved 1048576K
}
Event: 9.671 GC heap before
{Heap before GC invocations=17 (full 0):
 garbage-first heap   total 111616K, used 88064K [0x00000000c2c00000, 0x0000000100000000)
  region size 1024K, 9 young (9216K), 2 survivors (2048K)
 Metaspace       used 6178K, capacity 6232K, committed 6528K, reserved 1056768K
  class space    used 523K, capacity 540K, committed 640K, reserved 1048576K
}

