# JRE version: Java(TM) SE Runtime Environment (11.0.4+10) (build 11.0.4+10-LTS)
# Java VM: Java HotSpot(TM) 64-Bit Server VM (11.0.4+10-LTS, mixed mode, tiered, compressed oops, g1 gc, windows-amd64)
Heap:
 garbage-first heap   total 387072K, used 75776K [0x00000000c2c00000, 0x0000000100000000)
  region size 1024K, 3 young (3072K), 3 survivors (3072K)
 Metaspace       used 6086K, capacity 6234K, committed 6528K, reserved 1056768K
  class space    used 515K, capacity 541K, committed 640K, reserved 1048576K
GC Heap History (10 events):
Event: 0.535 GC heap after
{Heap after GC invocations=4 (full 0):
 garbage-first heap   total 63488K, used 18806K [0x00000000c2c00000, 0x0000000100000000)
  region size 1024K, 2 young (2048K), 2 survivors (2048K)
 Metaspace       used 6085K, capacity 6234K, committed 6528K, reserved 1056768K
  class space    used 515K, capacity 541K, committed 640K, reserved 1048576K
}
Event: 0.622 GC heap before
{Heap before GC invocations=4 (full 0):
 garbage-first heap   total 63488K, used 31094K [0x00000000c2c00000, 0x0000000100000000)
  region size 1024K, 14 young (14336K), 2 survivors (2048K)
 Metaspace       used 6086K, capacity 6234K, committed 6528K, reserved 1056768K
  class space    used 515K, capacity 541K, committed 640K, reserved 1048576K
}
Event: 0.653 GC heap after
{Heap after GC invocations=5 (full 0):
 garbage-first heap   total 129024K, used 26624K [0x00000000c2c00000, 0x0000000100000000)
  region size 1024K, 2 young (2048K), 2 survivors (2048K)
 Metaspace       used 6086K, capacity 6234K, committed 6528K, reserved 1056768K
  class space    used 515K, capacity 541K, committed 640K, reserved 1048576K
}
Event: 1.005 GC heap before
{Heap before GC invocations=5 (full 0):
 garbage-first heap   total 129024K, used 45056K [0x00000000c2c00000, 0x0000000100000000)
  region size 1024K, 20 young (20480K), 2 survivors (2048K)
 Metaspace       used 6086K, capacity 6234K, committed 6528K, reserved 1056768K
  class space    used 515K, capacity 541K, committed 640K, reserved 1048576K
}
Event: 1.045 GC heap after
{Heap after GC invocations=6 (full 0):
 garbage-first heap   total 129024K, used 37376K [0x00000000c2c00000, 0x0000000100000000)
  region size 1024K, 3 young (3072K), 3 survivors (3072K)
 Metaspace       used 6086K, capacity 6234K, committed 6528K, reserved 1056768K
  class space    used 515K, capacity 541K, committed 640K, reserved 1048576K
}
Event: 1.119 GC heap before
{Heap before GC invocations=6 (full 0):
 garbage-first heap   total 129024K, used 59904K [0x00000000c2c00000, 0x0000000100000000)
  region size 1024K, 25 young (25600K), 3 survivors (3072K)
 Metaspace       used 6086K, capacity 6234K, committed 6528K, reserved 1056768K
  class space    used 515K, capacity 541K, committed 640K, reserved 1048576K
}
Event: 1.166 GC heap after
{Heap after GC invocations=7 (full 0):
 garbage-first heap   total 129024K, used 50688K [0x00000000c2c00000, 0x0000000100000000)
  region size 1024K, 4 young (4096K), 4 survivors (4096K)
 Metaspace       used 6086K, capacity 6234K, committed 6528K, reserved 1056768K
  class space    used 515K, capacity 541K, committed 640K, reserved 1048576K
}
Event: 1.234 GC heap before
{Heap before GC invocations=7 (full 0):
 garbage-first heap   total 129024K, used 73216K [0x00000000c2c00000, 0x0000000100000000)
  region size 1024K, 26 young (26624K), 4 survivors (4096K)
 Metaspace       used 6086K, capacity 6234K, committed 6528K, reserved 1056768K
  class space    used 515K, capacity 541K, committed 640K, reserved 1048576K
}
Event: 1.278 GC heap after
{Heap after GC invocations=8 (full 0):
 garbage-first heap   total 129024K, used 64000K [0x00000000c2c00000, 0x0000000100000000)
  region size 1024K, 4 young (4096K), 4 survivors (4096K)
 Metaspace       used 6086K, capacity 6234K, committed 6528K, reserved 1056768K
  class space    used 515K, capacity 541K, committed 640K, reserved 1048576K
}
Event: 1.358 GC heap before
{Heap before GC invocations=8 (full 0):
 garbage-first heap   total 129024K, used 83456K [0x00000000c2c00000, 0x0000000100000000)
  region size 1024K, 23 young (23552K), 4 survivors (4096K)
 Metaspace       used 6086K, capacity 6234K, committed 6528K, reserved 1056768K
  class space    used 515K, capacity 541K, committed 640K, reserved 1048576K
}

